<?xml version="1.0" encoding="UTF-8"?><testsuite errors="1" failures="0" name="Prueba de operaciones de ciclo y subir archivo" skipped="0" tests="1" time="41.8" timestamp="2024-07-29 09:42:53"><testcase name="Hacer un cierre de ciclo exitoso"><error message="element click intercepted: Element &lt;span class=&quot;subMenuAlign ng-binding&quot; style=&quot;white-space: normal !important;&quot;&gt;...&lt;/span&gt; is not clickable at point (136, 216). Other element would receive the click: &lt;div id=&quot;loaderDiv&quot; loader=&quot;&quot; style=&quot;&quot;&gt;...&lt;/div&gt;&#10;  (Session info: chrome=127.0.6533.73)&#10;Build info: version: '3.141.59', revision: 'e82be7d358', time: '2018-11-14T08:17:03'&#10;System info: host: 'PE-HO-785', ip: '192.168.80.14', os.name: 'Windows 10', os.arch: 'amd64', os.version: '10.0', java.version: '1.8.0_412'&#10;Driver info: org.openqa.selenium.chrome.ChromeDriver&#10;Capabilities {acceptInsecureCerts: false, browserName: chrome, browserVersion: 127.0.6533.73, chrome: {chromedriverVersion: 127.0.6533.57 (d4459446bf8a..., userDataDir: C:\Users\DANIEL~1\AppData\L...}, fedcm:accounts: true, goog:chromeOptions: {debuggerAddress: localhost:64269}, javascriptEnabled: true, networkConnectionEnabled: false, pageLoadStrategy: normal, platform: WINDOWS, platformName: WINDOWS, proxy: Proxy(), setWindowRect: true, strictFileInteractability: false, timeouts: {implicit: 0, pageLoad: 300000, script: 30000}, unhandledPromptBehavior: dismiss and notify, webauthn:extension:credBlob: true, webauthn:extension:largeBlob: true, webauthn:extension:minPinLength: true, webauthn:extension:prf: true, webauthn:virtualAuthenticators: true}&#10;Session ID: a4537bdcb0d23047a17503a11c6607aa&#10;Build info: version: '3.141.59', revision: 'e82be7d358', time: '2018-11-14T08:17:03'&#10;System info: host: 'PE-HO-785', ip: '192.168.80.14', os.name: 'Windows 10', os.arch: 'amd64', os.version: '10.0', java.version: '1.8.0_412'&#10;Driver info: driver.version: unknown" type="org.openqa.selenium.ElementClickInterceptedException">element click intercepted: Element &lt;span class="subMenuAlign ng-binding" style="white-space: normal !important;"&gt;...&lt;/span&gt; is not clickable at point (136, 216). Other element would receive the click: &lt;div id="loaderDiv" loader="" style=""&gt;...&lt;/div&gt;
  (Session info: chrome=127.0.6533.73)
Build info: version: '3.141.59', revision: 'e82be7d358', time: '2018-11-14T08:17:03'
System info: host: 'PE-HO-785', ip: '192.168.80.14', os.name: 'Windows 10', os.arch: 'amd64', os.version: '10.0', java.version: '1.8.0_412'
Driver info: org.openqa.selenium.chrome.ChromeDriver
Capabilities {acceptInsecureCerts: false, browserName: chrome, browserVersion: 127.0.6533.73, chrome: {chromedriverVersion: 127.0.6533.57 (d4459446bf8a..., userDataDir: C:\Users\DANIEL~1\AppData\L...}, fedcm:accounts: true, goog:chromeOptions: {debuggerAddress: localhost:64269}, javascriptEnabled: true, networkConnectionEnabled: false, pageLoadStrategy: normal, platform: WINDOWS, platformName: WINDOWS, proxy: Proxy(), setWindowRect: true, strictFileInteractability: false, timeouts: {implicit: 0, pageLoad: 300000, script: 30000}, unhandledPromptBehavior: dismiss and notify, webauthn:extension:credBlob: true, webauthn:extension:largeBlob: true, webauthn:extension:minPinLength: true, webauthn:extension:prf: true, webauthn:virtualAuthenticators: true}
Session ID: a4537bdcb0d23047a17503a11c6607aa
Build info: version: '3.141.59', revision: 'e82be7d358', time: '2018-11-14T08:17:03'
System info: host: 'PE-HO-785', ip: '192.168.80.14', os.name: 'Windows 10', os.arch: 'amd64', os.version: '10.0', java.version: '1.8.0_412'
Driver info: driver.version: unknown</error><system-err>element click intercepted: Element &lt;span class="subMenuAlign ng-binding" style="white-space: normal !important;"&gt;...&lt;/span&gt; is not clickable at point (136, 216). Other element would receive the click: &lt;div id="loaderDiv" loader="" style=""&gt;...&lt;/div&gt;
  (Session info: chrome=127.0.6533.73)
Build info: version: '3.141.59', revision: 'e82be7d358', time: '2018-11-14T08:17:03'
System info: host: 'PE-HO-785', ip: '192.168.80.14', os.name: 'Windows 10', os.arch: 'amd64', os.version: '10.0', java.version: '1.8.0_412'
Driver info: org.openqa.selenium.chrome.ChromeDriver
Capabilities {acceptInsecureCerts: false, browserName: chrome, browserVersion: 127.0.6533.73, chrome: {chromedriverVersion: 127.0.6533.57 (d4459446bf8a..., userDataDir: C:\Users\DANIEL~1\AppData\L...}, fedcm:accounts: true, goog:chromeOptions: {debuggerAddress: localhost:64269}, javascriptEnabled: true, networkConnectionEnabled: false, pageLoadStrategy: normal, platform: WINDOWS, platformName: WINDOWS, proxy: Proxy(), setWindowRect: true, strictFileInteractability: false, timeouts: {implicit: 0, pageLoad: 300000, script: 30000}, unhandledPromptBehavior: dismiss and notify, webauthn:extension:credBlob: true, webauthn:extension:largeBlob: true, webauthn:extension:minPinLength: true, webauthn:extension:prf: true, webauthn:virtualAuthenticators: true}
Session ID: a4537bdcb0d23047a17503a11c6607aa
Build info: version: '3.141.59', revision: 'e82be7d358', time: '2018-11-14T08:17:03'
System info: host: 'PE-HO-785', ip: '192.168.80.14', os.name: 'Windows 10', os.arch: 'amd64', os.version: '10.0', java.version: '1.8.0_412'
Driver info: driver.version: unknown&#13;
com.integra.ach.steps.IntegraMenuPrincipalStep.clickCierreDeCiclo(IntegraMenuPrincipalStep.java:42)&#13;
com.integra.ach.stepDefinitions.CierreDeCicloExitosoStepDefinition.ingresarACierreDeCicloYBuscaLosCiclosACerrar(CierreDeCicloExitosoStepDefinition.java:34)&#13;
✽.Ingresar a cierre de ciclo y busca los ciclos a cerrar(src/test/resources/com.integra.ach.features/SubirArchivo.feature:73)&#13;
</system-err></testcase></testsuite>